2016-09-14 10:34:55,814 [Worker-5] INFO  o.e.m.c.i.l.LifecycleMappingFactory - Using NULL lifecycle mapping for MavenProject: com.myapp.parent:myapp-parent:0.0.1-SNAPSHOT @ /Users/srparim/workspace/newmyapp/myapp/myapp-parent/pom.xml.
2016-09-14 10:34:56,577 [Worker-5] INFO  o.e.m.c.i.l.LifecycleMappingFactory - Using org.maven.ide.eclipse.wtp.WarLifecycleMapping lifecycle mapping for MavenProject: com.myapp.parent:com.myapp.service:0.0.1-SNAPSHOT @ /Users/srparim/workspace/newmyapp/myapp/myapp-parent/com.myapp.service/pom.xml.
2016-09-14 10:34:56,747 [Worker-5] INFO  o.e.m.c.i.l.LifecycleMappingFactory - Using org.eclipse.m2e.jdt.JarLifecycleMapping lifecycle mapping for MavenProject: com.myapp.model:myapp-model:0.0.1-SNAPSHOT @ /Users/srparim/workspace/newmyapp/myapp/myapp-parent/com.myapp.model/pom.xml.
2016-09-14 10:34:56,771 [Worker-5] INFO  o.e.m.c.i.l.LifecycleMappingFactory - Using org.eclipse.m2e.jdt.JarLifecycleMapping lifecycle mapping for MavenProject: com.myapp.impl:myapp-impl:0.0.1-SNAPSHOT @ /Users/srparim/workspace/newmyapp/myapp/myapp-parent/com.myapp.impl/pom.xml.
2016-09-14 10:34:58,077 [Worker-5] INFO  o.e.m.j.i.AbstractJavaProjectConfigurator - Adding source folder /myapp-model/src/main/java
2016-09-14 10:34:58,077 [Worker-5] INFO  o.e.m.j.i.AbstractJavaProjectConfigurator - Adding source folder /myapp-model/src/test/java
2016-09-14 10:34:58,259 [Worker-5] INFO  o.e.m.j.i.AbstractJavaProjectConfigurator - Adding source folder /myapp-impl/src/main/java
2016-09-14 10:34:58,260 [Worker-5] INFO  o.e.m.j.i.AbstractJavaProjectConfigurator - Adding source folder /myapp-impl/src/test/java
2016-09-14 10:34:58,344 [Worker-5] INFO  o.e.m.j.i.AbstractJavaProjectConfigurator - Adding source folder /com.myapp.service/src/main/java
2016-09-14 10:34:58,344 [Worker-5] INFO  o.e.m.j.i.AbstractJavaProjectConfigurator - Adding resource folder /com.myapp.service/src/main/resources
2016-09-14 10:34:58,345 [Worker-5] INFO  o.e.m.j.i.AbstractJavaProjectConfigurator - Adding source folder /com.myapp.service/src/test/java
2016-09-14 10:34:58,464 [Worker-5] ERROR o.e.m2e.wtp.WTPProjectConfigurator - Unable to configure com.myapp.service
org.eclipse.m2e.wtp.MarkedException: Unable to configure com.myapp.service
	at org.eclipse.m2e.wtp.AbstractProjectConfiguratorDelegate.configureProject(AbstractProjectConfiguratorDelegate.java:98) ~[na:na]
	at org.eclipse.m2e.wtp.WTPProjectConfigurator.configure(WTPProjectConfigurator.java:68) ~[na:na]
	at org.eclipse.m2e.core.project.configurator.AbstractLifecycleMapping.configure(AbstractLifecycleMapping.java:120) [org.eclipse.m2e.core_1.7.0.20160603-1933.jar:na]
	at org.eclipse.m2e.core.internal.project.ProjectConfigurationManager$3.call(ProjectConfigurationManager.java:501) [org.eclipse.m2e.core_1.7.0.20160603-1933.jar:na]
	at org.eclipse.m2e.core.internal.project.ProjectConfigurationManager$3.call(ProjectConfigurationManager.java:1) [org.eclipse.m2e.core_1.7.0.20160603-1933.jar:na]
	at org.eclipse.m2e.core.internal.embedder.MavenExecutionContext.executeBare(MavenExecutionContext.java:176) [org.eclipse.m2e.core_1.7.0.20160603-1933.jar:na]
	at org.eclipse.m2e.core.internal.embedder.MavenExecutionContext.execute(MavenExecutionContext.java:151) [org.eclipse.m2e.core_1.7.0.20160603-1933.jar:na]
	at org.eclipse.m2e.core.internal.project.ProjectConfigurationManager.updateProjectConfiguration(ProjectConfigurationManager.java:494) [org.eclipse.m2e.core_1.7.0.20160603-1933.jar:na]
	at org.eclipse.m2e.core.internal.project.ProjectConfigurationManager.configureNewMavenProjects(ProjectConfigurationManager.java:281) [org.eclipse.m2e.core_1.7.0.20160603-1933.jar:na]
	at org.eclipse.m2e.core.internal.project.ProjectConfigurationManager$1.call(ProjectConfigurationManager.java:168) [org.eclipse.m2e.core_1.7.0.20160603-1933.jar:na]
	at org.eclipse.m2e.core.internal.project.ProjectConfigurationManager$1.call(ProjectConfigurationManager.java:1) [org.eclipse.m2e.core_1.7.0.20160603-1933.jar:na]
	at org.eclipse.m2e.core.internal.embedder.MavenExecutionContext.executeBare(MavenExecutionContext.java:176) [org.eclipse.m2e.core_1.7.0.20160603-1933.jar:na]
	at org.eclipse.m2e.core.internal.embedder.MavenExecutionContext.execute(MavenExecutionContext.java:151) [org.eclipse.m2e.core_1.7.0.20160603-1933.jar:na]
	at org.eclipse.m2e.core.internal.embedder.MavenExecutionContext.execute(MavenExecutionContext.java:99) [org.eclipse.m2e.core_1.7.0.20160603-1933.jar:na]
	at org.eclipse.m2e.core.internal.embedder.MavenImpl.execute(MavenImpl.java:1355) [org.eclipse.m2e.core_1.7.0.20160603-1933.jar:na]
	at org.eclipse.m2e.core.internal.project.ProjectConfigurationManager.importProjects(ProjectConfigurationManager.java:136) [org.eclipse.m2e.core_1.7.0.20160603-1933.jar:na]
	at org.eclipse.m2e.core.ui.internal.wizards.ImportMavenProjectsJob$1.doCreateMavenProjects(ImportMavenProjectsJob.java:68) [org.eclipse.m2e.core.ui_1.7.0.20160603-1933.jar:na]
	at org.eclipse.m2e.core.ui.internal.wizards.AbstractCreateMavenProjectsOperation.run(AbstractCreateMavenProjectsOperation.java:62) [org.eclipse.m2e.core.ui_1.7.0.20160603-1933.jar:na]
	at org.eclipse.m2e.core.ui.internal.wizards.ImportMavenProjectsJob.runInWorkspace(ImportMavenProjectsJob.java:77) [org.eclipse.m2e.core.ui_1.7.0.20160603-1933.jar:na]
	at org.eclipse.core.internal.resources.InternalWorkspaceJob.run(InternalWorkspaceJob.java:39) [org.eclipse.core.resources_3.11.0.v20160503-1608.jar:na]
	at org.eclipse.core.internal.jobs.Worker.run(Worker.java:55) [org.eclipse.core.jobs_3.8.0.v20160509-0411.jar:na]
Caused by: org.eclipse.core.runtime.CoreException: One or more constraints have not been satisfied.
	at org.eclipse.wst.common.project.facet.core.internal.FacetedProject.modifyInternal(FacetedProject.java:363) ~[na:na]
	at org.eclipse.wst.common.project.facet.core.internal.FacetedProject.mergeChangesInternal(FacetedProject.java:1181) ~[na:na]
	at org.eclipse.wst.common.project.facet.core.internal.FacetedProject.access$2(FacetedProject.java:1117) ~[na:na]
	at org.eclipse.wst.common.project.facet.core.internal.FacetedProject$1.run(FacetedProject.java:324) ~[na:na]
	at org.eclipse.core.internal.resources.Workspace.run(Workspace.java:2240) ~[org.eclipse.core.resources_3.11.0.v20160503-1608.jar:na]
	at org.eclipse.core.internal.resources.Workspace.run(Workspace.java:2267) ~[org.eclipse.core.resources_3.11.0.v20160503-1608.jar:na]
	at org.eclipse.wst.common.project.facet.core.internal.FacetedProject.modify(FacetedProject.java:339) ~[na:na]
	at org.eclipse.m2e.wtp.WebProjectConfiguratorDelegate.configure(WebProjectConfiguratorDelegate.java:136) ~[na:na]
	at org.eclipse.m2e.wtp.AbstractProjectConfiguratorDelegate.configureProject(AbstractProjectConfiguratorDelegate.java:94) ~[na:na]
	... 20 common frames omitted
2016-09-14 10:34:59,430 [Worker-5] INFO  o.e.m.c.i.p.ProjectConfigurationManager - Imported and configured 4 project(s) in 3 sec
2016-09-14 10:34:59,502 [Thread-20] ERROR org.eclipse.jgit.util.FS - fatal: Could not switch to '/Library/Developer/CommandLineTools/usr/etc/': No such file or directory

2016-09-14 10:35:00,650 [Worker-13] INFO  o.e.m.c.i.embedder.EclipseLogger - Using 'UTF-8' encoding to copy filtered resources.
2016-09-14 10:35:00,650 [Worker-13] INFO  o.e.m.c.i.embedder.EclipseLogger - skip non existing resourceDirectory /Users/srparim/workspace/newmyapp/myapp/myapp-parent/com.myapp.model/src/main/resources
2016-09-14 10:35:00,652 [Worker-13] INFO  o.e.m.c.i.embedder.EclipseLogger - Using 'UTF-8' encoding to copy filtered resources.
2016-09-14 10:35:00,652 [Worker-13] INFO  o.e.m.c.i.embedder.EclipseLogger - skip non existing resourceDirectory /Users/srparim/workspace/newmyapp/myapp/myapp-parent/com.myapp.model/src/test/resources
2016-09-14 10:35:01,048 [Worker-13] INFO  o.e.m.c.i.embedder.EclipseLogger - Using 'UTF-8' encoding to copy filtered resources.
2016-09-14 10:35:01,049 [Worker-13] INFO  o.e.m.c.i.embedder.EclipseLogger - skip non existing resourceDirectory /Users/srparim/workspace/newmyapp/myapp/myapp-parent/com.myapp.impl/src/main/resources
2016-09-14 10:35:01,049 [Worker-13] INFO  o.e.m.c.i.embedder.EclipseLogger - Using 'UTF-8' encoding to copy filtered resources.
2016-09-14 10:35:01,049 [Worker-13] INFO  o.e.m.c.i.embedder.EclipseLogger - skip non existing resourceDirectory /Users/srparim/workspace/newmyapp/myapp/myapp-parent/com.myapp.impl/src/test/resources
2016-09-14 10:35:01,476 [Worker-13] INFO  o.e.m.c.i.embedder.EclipseLogger - Using 'UTF-8' encoding to copy filtered resources.
2016-09-14 10:35:01,492 [Worker-13] INFO  o.e.m.c.i.embedder.EclipseLogger - Copying 1 resource
2016-09-14 10:35:01,501 [Worker-13] INFO  o.e.m.c.i.embedder.EclipseLogger - Using 'UTF-8' encoding to copy filtered resources.
2016-09-14 10:35:01,501 [Worker-13] INFO  o.e.m.c.i.embedder.EclipseLogger - skip non existing resourceDirectory /Users/srparim/workspace/newmyapp/myapp/myapp-parent/com.myapp.service/src/test/resources
2016-09-14 10:35:47,994 [Worker-5] INFO  o.e.m.c.i.embedder.EclipseLogger - Using 'UTF-8' encoding to copy filtered resources.
2016-09-14 10:35:47,994 [Worker-5] INFO  o.e.m.c.i.embedder.EclipseLogger - skip non existing resourceDirectory /Users/srparim/workspace/newmyapp/myapp/myapp-parent/com.myapp.model/src/main/resources
2016-09-14 10:35:47,995 [Worker-5] INFO  o.e.m.c.i.embedder.EclipseLogger - Using 'UTF-8' encoding to copy filtered resources.
2016-09-14 10:35:47,995 [Worker-5] INFO  o.e.m.c.i.embedder.EclipseLogger - skip non existing resourceDirectory /Users/srparim/workspace/newmyapp/myapp/myapp-parent/com.myapp.model/src/test/resources
2016-09-14 10:35:48,001 [Worker-5] INFO  o.e.m.c.i.embedder.EclipseLogger - Using 'UTF-8' encoding to copy filtered resources.
2016-09-14 10:35:48,002 [Worker-5] INFO  o.e.m.c.i.embedder.EclipseLogger - skip non existing resourceDirectory /Users/srparim/workspace/newmyapp/myapp/myapp-parent/com.myapp.impl/src/main/resources
2016-09-14 10:35:48,002 [Worker-5] INFO  o.e.m.c.i.embedder.EclipseLogger - Using 'UTF-8' encoding to copy filtered resources.
2016-09-14 10:35:48,002 [Worker-5] INFO  o.e.m.c.i.embedder.EclipseLogger - skip non existing resourceDirectory /Users/srparim/workspace/newmyapp/myapp/myapp-parent/com.myapp.impl/src/test/resources
2016-09-14 10:35:48,008 [Worker-5] INFO  o.e.m.c.i.embedder.EclipseLogger - Using 'UTF-8' encoding to copy filtered resources.
2016-09-14 10:35:48,010 [Worker-5] INFO  o.e.m.c.i.embedder.EclipseLogger - Copying 0 resource
2016-09-14 10:35:48,010 [Worker-5] INFO  o.e.m.c.i.embedder.EclipseLogger - Using 'UTF-8' encoding to copy filtered resources.
2016-09-14 10:35:48,011 [Worker-5] INFO  o.e.m.c.i.embedder.EclipseLogger - skip non existing resourceDirectory /Users/srparim/workspace/newmyapp/myapp/myapp-parent/com.myapp.service/src/test/resources
2016-09-14 10:42:50,167 [Worker-11] INFO  o.e.m.c.i.embedder.EclipseLogger - Using 'UTF-8' encoding to copy filtered resources.
2016-09-14 10:42:50,168 [Worker-11] INFO  o.e.m.c.i.embedder.EclipseLogger - skip non existing resourceDirectory /Users/srparim/workspace/newmyapp/myapp/myapp-parent/com.myapp.impl/src/main/resources
2016-09-14 10:42:50,169 [Worker-11] INFO  o.e.m.c.i.embedder.EclipseLogger - Using 'UTF-8' encoding to copy filtered resources.
2016-09-14 10:42:50,169 [Worker-11] INFO  o.e.m.c.i.embedder.EclipseLogger - skip non existing resourceDirectory /Users/srparim/workspace/newmyapp/myapp/myapp-parent/com.myapp.impl/src/test/resources
2016-09-14 10:53:39,099 [Worker-23] INFO  o.e.m.i.launch.MavenLaunchDelegate - /Users/srparim/workspace/newmyapp/myapp/myapp-parent
2016-09-14 10:53:39,099 [Worker-23] INFO  o.e.m.i.launch.MavenLaunchDelegate -  mvn -B clean install
2016-09-14 10:54:13,935 [Worker-20] INFO  o.e.m.i.launch.MavenLaunchDelegate - /Users/srparim/workspace/newmyapp/myapp/myapp-parent/com.myapp.service
2016-09-14 10:54:13,935 [Worker-20] INFO  o.e.m.i.launch.MavenLaunchDelegate -  mvn -B jetty:run
2016-09-14 11:18:17,955 [Worker-35] INFO  o.e.m.c.i.embedder.EclipseLogger - Using 'UTF-8' encoding to copy filtered resources.
2016-09-14 11:18:17,956 [Worker-35] INFO  o.e.m.c.i.embedder.EclipseLogger - Copying 1 resource
2016-09-14 11:18:17,958 [Worker-35] INFO  o.e.m.c.i.embedder.EclipseLogger - Using 'UTF-8' encoding to copy filtered resources.
2016-09-14 11:18:17,959 [Worker-35] INFO  o.e.m.c.i.embedder.EclipseLogger - skip non existing resourceDirectory /Users/srparim/workspace/newmyapp/myapp/myapp-parent/com.myapp.service/src/test/resources
2016-09-14 11:18:22,841 [Worker-36] INFO  o.e.m.c.i.embedder.EclipseLogger - Using 'UTF-8' encoding to copy filtered resources.
2016-09-14 11:18:22,841 [Worker-36] INFO  o.e.m.c.i.embedder.EclipseLogger - Copying 0 resource
2016-09-14 11:18:22,842 [Worker-36] INFO  o.e.m.c.i.embedder.EclipseLogger - Using 'UTF-8' encoding to copy filtered resources.
2016-09-14 11:18:22,842 [Worker-36] INFO  o.e.m.c.i.embedder.EclipseLogger - skip non existing resourceDirectory /Users/srparim/workspace/newmyapp/myapp/myapp-parent/com.myapp.service/src/test/resources
2016-09-14 11:18:25,776 [Worker-36] INFO  o.e.m.i.launch.MavenLaunchDelegate - /Users/srparim/workspace/newmyapp/myapp/myapp-parent
2016-09-14 11:18:25,776 [Worker-36] INFO  o.e.m.i.launch.MavenLaunchDelegate -  mvn -B clean install
2016-09-14 11:18:34,788 [Worker-39] INFO  o.e.m.i.launch.MavenLaunchDelegate - /Users/srparim/workspace/newmyapp/myapp/myapp-parent/com.myapp.service
2016-09-14 11:18:34,788 [Worker-39] INFO  o.e.m.i.launch.MavenLaunchDelegate -  mvn -B jetty:run
2016-09-14 11:20:16,572 [Worker-41] INFO  o.e.m.i.launch.MavenLaunchDelegate - /Users/srparim/workspace/newmyapp/myapp/myapp-parent/com.myapp.service
2016-09-14 11:20:16,572 [Worker-41] INFO  o.e.m.i.launch.MavenLaunchDelegate -  mvn -B jetty:run
2016-09-14 11:33:15,454 [Worker-49] INFO  o.e.m.c.i.embedder.EclipseLogger - Using 'UTF-8' encoding to copy filtered resources.
2016-09-14 11:33:15,455 [Worker-49] INFO  o.e.m.c.i.embedder.EclipseLogger - skip non existing resourceDirectory /Users/srparim/workspace/newmyapp/myapp/myapp-parent/com.myapp.impl/src/main/resources
2016-09-14 11:33:15,456 [Worker-49] INFO  o.e.m.c.i.embedder.EclipseLogger - Using 'UTF-8' encoding to copy filtered resources.
2016-09-14 11:33:15,456 [Worker-49] INFO  o.e.m.c.i.embedder.EclipseLogger - skip non existing resourceDirectory /Users/srparim/workspace/newmyapp/myapp/myapp-parent/com.myapp.impl/src/test/resources
2016-09-14 11:34:57,110 [Worker-48] INFO  o.e.m.i.launch.MavenLaunchDelegate - /Users/srparim/workspace/newmyapp/myapp/myapp-parent
2016-09-14 11:34:57,111 [Worker-48] INFO  o.e.m.i.launch.MavenLaunchDelegate -  mvn -B clean install
2016-09-14 11:35:07,108 [Worker-53] INFO  o.e.m.i.launch.MavenLaunchDelegate - /Users/srparim/workspace/newmyapp/myapp/myapp-parent/com.myapp.service
2016-09-14 11:35:07,109 [Worker-53] INFO  o.e.m.i.launch.MavenLaunchDelegate -  mvn -B jetty:run
2016-09-14 14:03:13,007 [Thread-7] ERROR org.eclipse.jgit.util.FS - fatal: Could not switch to '/Library/Developer/CommandLineTools/usr/etc/': No such file or directory

2016-09-14 14:03:16,625 [Worker-4] INFO  o.e.m.c.i.embedder.EclipseLogger - Using 'UTF-8' encoding to copy filtered resources.
2016-09-14 14:03:16,626 [Worker-4] INFO  o.e.m.c.i.embedder.EclipseLogger - skip non existing resourceDirectory /Users/srparim/workspace/newmyapp/myapp/myapp-parent/com.myapp.model/src/main/resources
2016-09-14 14:03:16,628 [Worker-4] INFO  o.e.m.c.i.embedder.EclipseLogger - Using 'UTF-8' encoding to copy filtered resources.
2016-09-14 14:03:16,628 [Worker-4] INFO  o.e.m.c.i.embedder.EclipseLogger - skip non existing resourceDirectory /Users/srparim/workspace/newmyapp/myapp/myapp-parent/com.myapp.model/src/test/resources
2016-09-14 14:03:17,132 [Worker-4] INFO  o.e.m.c.i.embedder.EclipseLogger - Using 'UTF-8' encoding to copy filtered resources.
2016-09-14 14:03:17,133 [Worker-4] INFO  o.e.m.c.i.embedder.EclipseLogger - skip non existing resourceDirectory /Users/srparim/workspace/newmyapp/myapp/myapp-parent/com.myapp.impl/src/main/resources
2016-09-14 14:03:17,134 [Worker-4] INFO  o.e.m.c.i.embedder.EclipseLogger - Using 'UTF-8' encoding to copy filtered resources.
2016-09-14 14:03:17,134 [Worker-4] INFO  o.e.m.c.i.embedder.EclipseLogger - skip non existing resourceDirectory /Users/srparim/workspace/newmyapp/myapp/myapp-parent/com.myapp.impl/src/test/resources
2016-09-14 14:03:18,007 [Worker-4] INFO  o.e.m.c.i.embedder.EclipseLogger - Using 'UTF-8' encoding to copy filtered resources.
2016-09-14 14:03:18,011 [Worker-4] INFO  o.e.m.c.i.embedder.EclipseLogger - Copying 1 resource
2016-09-14 14:03:18,014 [Worker-4] INFO  o.e.m.c.i.embedder.EclipseLogger - Using 'UTF-8' encoding to copy filtered resources.
2016-09-14 14:03:18,014 [Worker-4] INFO  o.e.m.c.i.embedder.EclipseLogger - skip non existing resourceDirectory /Users/srparim/workspace/newmyapp/myapp/myapp-parent/com.myapp.service/src/test/resources
2016-09-14 14:03:18,019 [Worker-4] INFO  o.e.m.w.i.f.ResourceFilteringBuildParticipant - Changed resources require a complete clean of filtered resources of com.myapp.service
2016-09-14 14:03:18,019 [Worker-4] INFO  o.e.m.w.i.f.ResourceFilteringBuildParticipant - Executing resource filtering for com.myapp.service
2016-09-14 14:03:18,035 [Worker-4] INFO  o.e.m.c.i.embedder.EclipseLogger - Using 'UTF-8' encoding to copy filtered resources.
